[2022-10-20 12:31:56 INFO]: install::setup-logging ended
================
[2022-10-20 12:31:56 INFO]: install::start-up started
[2022-10-20 12:31:56 INFO]: install::start-up build image
[2022-10-20 12:31:56 INFO]: install::start-up running image
[2022-10-20 12:31:56 INFO]: install::start-up ended
================
[2022-10-20 12:33:48 INFO]: install::root-check started
[2022-10-20 12:33:48 INFO]: install::root-check ended
================
[2022-10-20 12:33:48 INFO]: install::docker-check started
[2022-10-20 12:33:48 INFO]: install::docker-check ended
================
[2022-10-20 12:33:48 INFO]: install::docker-compose-check started
[2022-10-20 12:33:48 INFO]: install::docker-compose-check ended
================
[2022-10-20 12:33:48 INFO]: install::tear-down started
[2022-10-20 12:33:48 INFO]: install::tear-down stoping services
[2022-10-20 12:33:48 INFO]: install::tear-down ended
================
